bin/Android/Debug/manifest-merger-debug-report.txt
-- Merging decision tree log ---
manifest
ADDED from AndroidManifest.xml:2:1
	android:hardwareAccelerated
		ADDED from AndroidManifest.xml:2:11
	xmlns:android
		ADDED from AndroidManifest.xml:2:152
	package
		ADDED from AndroidManifest.xml:2:102
		INJECTED from AndroidManifest.xml:0:0
		INJECTED from AndroidManifest.xml:0:0
	android:versionName
		ADDED from AndroidManifest.xml:2:74
	android:versionCode
		ADDED from AndroidManifest.xml:2:46
		INJECTED from AndroidManifest.xml:0:0
		INJECTED from AndroidManifest.xml:0:0
supports-screens
ADDED from AndroidManifest.xml:3:5
	android:resizeable
		ADDED from AndroidManifest.xml:3:106
	android:largeScreens
		ADDED from AndroidManifest.xml:3:49
	android:anyDensity
		ADDED from AndroidManifest.xml:3:23
	android:normalScreens
		ADDED from AndroidManifest.xml:3:77
	android:xlargeScreens
		ADDED from AndroidManifest.xml:3:160
	android:smallScreens
		ADDED from AndroidManifest.xml:3:132
uses-permission#android.permission.INTERNET
ADDED from AndroidManifest.xml:4:5
MERGED from com.google.android.gms:play-services-gcm:9.0.2:22:5
MERGED from com.google.android.gms:play-services-iid:9.0.2:22:5
	android:name
		ADDED from AndroidManifest.xml:4:22
uses-permission#android.permission.ACCESS_NETWORK_STATE
ADDED from AndroidManifest.xml:5:5
	android:name
		ADDED from AndroidManifest.xml:5:22
uses-permission#android.permission.ACCESS_WIFI_STATE
ADDED from AndroidManifest.xml:6:5
	android:name
		ADDED from AndroidManifest.xml:6:22
application
ADDED from AndroidManifest.xml:7:5
MERGED from com.android.support:support-v13:23.4.0:22:5
MERGED from com.android.support:support-v4:23.4.0:22:5
MERGED from com.google.android.gms:play-services-gcm:9.0.2:24:5
MERGED from com.google.android.gms:play-services-base:9.0.2:19:5
MERGED from com.google.android.gms:play-services-basement:9.0.2:20:5
MERGED from com.android.support:support-v4:23.4.0:22:5
MERGED from com.google.firebase:firebase-common:9.0.2:5:5
MERGED from com.google.android.gms:play-services-basement:9.0.2:20:5
MERGED from com.android.support:support-v4:23.4.0:22:5
MERGED from com.google.android.gms:play-services-tasks:9.0.2:5:5
MERGED from com.google.android.gms:play-services-basement:9.0.2:20:5
MERGED from com.android.support:support-v4:23.4.0:22:5
MERGED from com.google.android.gms:play-services-tasks:9.0.2:5:5
MERGED from com.google.android.gms:play-services-basement:9.0.2:20:5
MERGED from com.android.support:support-v4:23.4.0:22:5
MERGED from com.google.android.gms:play-services-basement:9.0.2:20:5
MERGED from com.android.support:support-v4:23.4.0:22:5
MERGED from com.google.android.gms:play-services-iid:9.0.2:24:5
MERGED from com.google.android.gms:play-services-base:9.0.2:19:5
MERGED from com.google.android.gms:play-services-basement:9.0.2:20:5
MERGED from com.android.support:support-v4:23.4.0:22:5
MERGED from com.google.firebase:firebase-common:9.0.2:5:5
MERGED from com.google.android.gms:play-services-basement:9.0.2:20:5
MERGED from com.android.support:support-v4:23.4.0:22:5
MERGED from com.google.android.gms:play-services-tasks:9.0.2:5:5
MERGED from com.google.android.gms:play-services-basement:9.0.2:20:5
MERGED from com.android.support:support-v4:23.4.0:22:5
MERGED from com.google.android.gms:play-services-tasks:9.0.2:5:5
MERGED from com.google.android.gms:play-services-basement:9.0.2:20:5
MERGED from com.android.support:support-v4:23.4.0:22:5
MERGED from com.google.android.gms:play-services-basement:9.0.2:20:5
MERGED from com.android.support:support-v4:23.4.0:22:5
	android:supportsRtl
		ADDED from AndroidManifest.xml:7:116
	android:label
		ADDED from AndroidManifest.xml:7:83
	android:icon
		ADDED from AndroidManifest.xml:7:53
	android:hardwareAccelerated
		ADDED from AndroidManifest.xml:7:18
activity#com.microsoft.azure.mobileapps.AppCSSMI.MainActivity
ADDED from AndroidManifest.xml:8:9
	android:windowSoftInputMode
		ADDED from AndroidManifest.xml:8:248
	android:label
		ADDED from AndroidManifest.xml:8:97
	android:configChanges
		ADDED from AndroidManifest.xml:8:19
	android:theme
		ADDED from AndroidManifest.xml:8:194
	android:name
		ADDED from AndroidManifest.xml:8:166
	android:launchMode
		ADDED from AndroidManifest.xml:8:135
intent-filter#android.intent.action.MAIN+android.intent.category.LAUNCHER
ADDED from AndroidManifest.xml:9:13
	android:label
		ADDED from AndroidManifest.xml:9:28
action#android.intent.action.MAIN
ADDED from AndroidManifest.xml:10:17
	android:name
		ADDED from AndroidManifest.xml:10:25
category#android.intent.category.LAUNCHER
ADDED from AndroidManifest.xml:11:17
	android:name
		ADDED from AndroidManifest.xml:11:27
activity#com.adobe.phonegap.push.PushHandlerActivity
ADDED from AndroidManifest.xml:14:9
	android:exported
		ADDED from AndroidManifest.xml:14:19
	android:name
		ADDED from AndroidManifest.xml:14:43
receiver#com.adobe.phonegap.push.BackgroundActionButtonHandler
ADDED from AndroidManifest.xml:15:9
	android:name
		ADDED from AndroidManifest.xml:15:19
receiver#com.google.android.gms.gcm.GcmReceiver
ADDED from AndroidManifest.xml:16:9
	android:exported
		ADDED from AndroidManifest.xml:16:19
	android:permission
		ADDED from AndroidManifest.xml:16:97
	android:name
		ADDED from AndroidManifest.xml:16:43
intent-filter#${applicationId}+com.google.android.c2dm.intent.RECEIVE
ADDED from AndroidManifest.xml:17:13
action#com.google.android.c2dm.intent.RECEIVE
ADDED from AndroidManifest.xml:18:17
	android:name
		ADDED from AndroidManifest.xml:18:25
category#${applicationId}
ADDED from AndroidManifest.xml:19:17
	android:name
		ADDED from AndroidManifest.xml:19:27
		INJECTED from AndroidManifest.xml:0:0
service#com.adobe.phonegap.push.GCMIntentService
ADDED from AndroidManifest.xml:22:9
	android:exported
		ADDED from AndroidManifest.xml:22:18
	android:name
		ADDED from AndroidManifest.xml:22:43
intent-filter#com.google.android.c2dm.intent.RECEIVE
ADDED from AndroidManifest.xml:23:13
service#com.adobe.phonegap.push.PushInstanceIDListenerService
ADDED from AndroidManifest.xml:27:9
	android:exported
		ADDED from AndroidManifest.xml:27:18
	android:name
		ADDED from AndroidManifest.xml:27:43
intent-filter#com.google.android.gms.iid.InstanceID
ADDED from AndroidManifest.xml:28:13
action#com.google.android.gms.iid.InstanceID
ADDED from AndroidManifest.xml:29:17
	android:name
		ADDED from AndroidManifest.xml:29:25
service#com.adobe.phonegap.push.RegistrationIntentService
ADDED from AndroidManifest.xml:32:9
	android:exported
		ADDED from AndroidManifest.xml:32:18
	android:name
		ADDED from AndroidManifest.xml:32:43
uses-sdk
ADDED from AndroidManifest.xml:34:5
MERGED from com.android.support:support-v13:23.4.0:20:5
MERGED from com.android.support:support-v4:23.4.0:20:5
MERGED from com.google.android.gms:play-services-gcm:9.0.2:18:5
MERGED from com.google.android.gms:play-services-base:9.0.2:18:5
MERGED from com.google.android.gms:play-services-basement:9.0.2:18:5
MERGED from com.android.support:support-v4:23.4.0:20:5
MERGED from com.google.firebase:firebase-common:9.0.2:4:5
MERGED from com.google.android.gms:play-services-basement:9.0.2:18:5
MERGED from com.android.support:support-v4:23.4.0:20:5
MERGED from com.google.android.gms:play-services-tasks:9.0.2:4:5
MERGED from com.google.android.gms:play-services-basement:9.0.2:18:5
MERGED from com.android.support:support-v4:23.4.0:20:5
MERGED from com.google.android.gms:play-services-tasks:9.0.2:4:5
MERGED from com.google.android.gms:play-services-basement:9.0.2:18:5
MERGED from com.android.support:support-v4:23.4.0:20:5
MERGED from com.google.android.gms:play-services-basement:9.0.2:18:5
MERGED from com.android.support:support-v4:23.4.0:20:5
MERGED from com.google.android.gms:play-services-iid:9.0.2:18:5
MERGED from com.google.android.gms:play-services-base:9.0.2:18:5
MERGED from com.google.android.gms:play-services-basement:9.0.2:18:5
MERGED from com.android.support:support-v4:23.4.0:20:5
MERGED from com.google.firebase:firebase-common:9.0.2:4:5
MERGED from com.google.android.gms:play-services-basement:9.0.2:18:5
MERGED from com.android.support:support-v4:23.4.0:20:5
MERGED from com.google.android.gms:play-services-tasks:9.0.2:4:5
MERGED from com.google.android.gms:play-services-basement:9.0.2:18:5
MERGED from com.android.support:support-v4:23.4.0:20:5
MERGED from com.google.android.gms:play-services-tasks:9.0.2:4:5
MERGED from com.google.android.gms:play-services-basement:9.0.2:18:5
MERGED from com.android.support:support-v4:23.4.0:20:5
MERGED from com.google.android.gms:play-services-basement:9.0.2:18:5
MERGED from com.android.support:support-v4:23.4.0:20:5
MERGED from me.leolin:ShortcutBadger:1.1.4:7:5
MERGED from android:CordovaLib:unspecified:debug:25:5
	android:targetSdkVersion
		ADDED from AndroidManifest.xml:34:42
	android:minSdkVersion
		ADDED from AndroidManifest.xml:34:15
uses-permission#android.permission.WAKE_LOCK
ADDED from AndroidManifest.xml:35:5
	android:name
		ADDED from AndroidManifest.xml:35:22
uses-permission#android.permission.VIBRATE
ADDED from AndroidManifest.xml:36:5
	android:name
		ADDED from AndroidManifest.xml:36:22
uses-permission#com.google.android.c2dm.permission.RECEIVE
ADDED from AndroidManifest.xml:37:5
MERGED from com.google.android.gms:play-services-gcm:9.0.2:21:5
MERGED from com.google.android.gms:play-services-iid:9.0.2:21:5
	android:name
		ADDED from AndroidManifest.xml:37:22
permission#${applicationId}.permission.C2D_MESSAGE
ADDED from AndroidManifest.xml:38:5
	android:protectionLevel
		ADDED from AndroidManifest.xml:38:72
	android:name
		ADDED from AndroidManifest.xml:38:17
		INJECTED from AndroidManifest.xml:0:0
uses-permission#${applicationId}.permission.C2D_MESSAGE
ADDED from AndroidManifest.xml:39:5
	android:name
		ADDED from AndroidManifest.xml:39:22
		INJECTED from AndroidManifest.xml:0:0
activity#com.google.android.gms.common.api.GoogleApiActivity
ADDED from com.google.android.gms:play-services-base:9.0.2:20:9
MERGED from com.google.android.gms:play-services-base:9.0.2:20:9
	android:theme
		ADDED from com.google.android.gms:play-services-base:9.0.2:21:19
	android:exported
		ADDED from com.google.android.gms:play-services-base:9.0.2:22:19
	android:name
		ADDED from com.google.android.gms:play-services-base:9.0.2:20:19
meta-data#com.google.android.gms.version
ADDED from com.google.android.gms:play-services-basement:9.0.2:21:9
MERGED from com.google.android.gms:play-services-basement:9.0.2:21:9
MERGED from com.google.android.gms:play-services-basement:9.0.2:21:9
MERGED from com.google.android.gms:play-services-basement:9.0.2:21:9
MERGED from com.google.android.gms:play-services-basement:9.0.2:21:9
MERGED from com.google.android.gms:play-services-basement:9.0.2:21:9
MERGED from com.google.android.gms:play-services-basement:9.0.2:21:9
MERGED from com.google.android.gms:play-services-basement:9.0.2:21:9
MERGED from com.google.android.gms:play-services-basement:9.0.2:21:9
MERGED from com.google.android.gms:play-services-basement:9.0.2:21:9
	android:name
		ADDED from com.google.android.gms:play-services-basement:9.0.2:22:13
	android:value
		ADDED from com.google.android.gms:play-services-basement:9.0.2:23:13
provider#com.google.firebase.provider.FirebaseInitProvider
ADDED from com.google.firebase:firebase-common:9.0.2:7:9
MERGED from com.google.firebase:firebase-common:9.0.2:7:9
	android:exported
		ADDED from com.google.firebase:firebase-common:9.0.2:10:13
	android:authorities
		ADDED from com.google.firebase:firebase-common:9.0.2:8:13
	android:initOrder
		ADDED from com.google.firebase:firebase-common:9.0.2:11:13
	android:name
		ADDED from com.google.firebase:firebase-common:9.0.2:9:13
uses-permission#com.sec.android.provider.badge.permission.READ
ADDED from me.leolin:ShortcutBadger:1.1.4:19:5
	android:name
		ADDED from me.leolin:ShortcutBadger:1.1.4:19:22
uses-permission#com.sec.android.provider.badge.permission.WRITE
ADDED from me.leolin:ShortcutBadger:1.1.4:20:5
	android:name
		ADDED from me.leolin:ShortcutBadger:1.1.4:20:22
uses-permission#com.htc.launcher.permission.READ_SETTINGS
ADDED from me.leolin:ShortcutBadger:1.1.4:23:5
	android:name
		ADDED from me.leolin:ShortcutBadger:1.1.4:23:22
uses-permission#com.htc.launcher.permission.UPDATE_SHORTCUT
ADDED from me.leolin:ShortcutBadger:1.1.4:24:5
	android:name
		ADDED from me.leolin:ShortcutBadger:1.1.4:24:22
uses-permission#com.sonyericsson.home.permission.BROADCAST_BADGE
ADDED from me.leolin:ShortcutBadger:1.1.4:27:5
	android:name
		ADDED from me.leolin:ShortcutBadger:1.1.4:27:22
uses-permission#com.anddoes.launcher.permission.UPDATE_COUNT
ADDED from me.leolin:ShortcutBadger:1.1.4:30:5
	android:name
		ADDED from me.leolin:ShortcutBadger:1.1.4:30:22
uses-permission#com.majeur.launcher.permission.UPDATE_BADGE
ADDED from me.leolin:ShortcutBadger:1.1.4:33:5
	android:name
		ADDED from me.leolin:ShortcutBadger:1.1.4:33:22